This file contains any messages produced by compilers while
running configure, to aid debugging if configure makes a mistake.

It was created by configure, which was
generated by GNU Autoconf 2.69.  Invocation command line was

  $ ./configure --with-amqp

## --------- ##
## Platform. ##
## --------- ##

hostname = kkatoo
uname -m = x86_64
uname -r = 4.4.0-62-generic
uname -s = Linux
uname -v = #83-Ubuntu SMP Wed Jan 18 14:10:15 UTC 2017

/usr/bin/uname -p = unknown
/bin/uname -X     = unknown

/bin/arch              = unknown
/usr/bin/arch -k       = unknown
/usr/convex/getsysinfo = unknown
/usr/bin/hostinfo      = unknown
/bin/machine           = unknown
/usr/bin/oslevel       = unknown
/bin/universe          = unknown

PATH: /usr/local/sbin
PATH: /usr/local/bin
PATH: /usr/sbin
PATH: /usr/bin
PATH: /sbin
PATH: /bin
PATH: /usr/games
PATH: /usr/local/games


## ----------- ##
## Core tests. ##
## ----------- ##

configure:2100: checking for grep that handles long lines and -e
configure:2158: result: /bin/grep
configure:2163: checking for egrep
configure:2225: result: /bin/grep -E
configure:2230: checking for a sed that does not truncate output
configure:2294: result: /bin/sed
configure:2433: checking for cc
configure:2449: found /usr/bin/cc
configure:2460: result: cc
configure:2491: checking for C compiler version
configure:2500: cc --version >&5
cc (Ubuntu 5.4.0-6ubuntu1~16.04.4) 5.4.0 20160609
Copyright (C) 2015 Free Software Foundation, Inc.
This is free software; see the source for copying conditions.  There is NO
warranty; not even for MERCHANTABILITY or FITNESS FOR A PARTICULAR PURPOSE.

configure:2511: $? = 0
configure:2500: cc -v >&5
Using built-in specs.
COLLECT_GCC=cc
COLLECT_LTO_WRAPPER=/usr/lib/gcc/x86_64-linux-gnu/5/lto-wrapper
Target: x86_64-linux-gnu
Configured with: ../src/configure -v --with-pkgversion='Ubuntu 5.4.0-6ubuntu1~16.04.4' --with-bugurl=file:///usr/share/doc/gcc-5/README.Bugs --enable-languages=c,ada,c++,java,go,d,fortran,objc,obj-c++ --prefix=/usr --program-suffix=-5 --enable-shared --enable-linker-build-id --libexecdir=/usr/lib --without-included-gettext --enable-threads=posix --libdir=/usr/lib --enable-nls --with-sysroot=/ --enable-clocale=gnu --enable-libstdcxx-debug --enable-libstdcxx-time=yes --with-default-libstdcxx-abi=new --enable-gnu-unique-object --disable-vtable-verify --enable-libmpx --enable-plugin --with-system-zlib --disable-browser-plugin --enable-java-awt=gtk --enable-gtk-cairo --with-java-home=/usr/lib/jvm/java-1.5.0-gcj-5-amd64/jre --enable-java-home --with-jvm-root-dir=/usr/lib/jvm/java-1.5.0-gcj-5-amd64 --with-jvm-jar-dir=/usr/lib/jvm-exports/java-1.5.0-gcj-5-amd64 --with-arch-directory=amd64 --with-ecj-jar=/usr/share/java/eclipse-ecj.jar --enable-objc-gc --enable-multiarch --disable-werror --with-arch-32=i686 --with-abi=m64 --with-multilib-list=m32,m64,mx32 --enable-multilib --with-tune=generic --enable-checking=release --build=x86_64-linux-gnu --host=x86_64-linux-gnu --target=x86_64-linux-gnu
Thread model: posix
gcc version 5.4.0 20160609 (Ubuntu 5.4.0-6ubuntu1~16.04.4) 
configure:2511: $? = 0
configure:2500: cc -V >&5
cc: error: unrecognized command line option '-V'
cc: fatal error: no input files
compilation terminated.
configure:2511: $? = 1
configure:2500: cc -qversion >&5
cc: error: unrecognized command line option '-qversion'
cc: fatal error: no input files
compilation terminated.
configure:2511: $? = 1
configure:2531: checking whether the C compiler works
configure:2553: cc    conftest.c  >&5
configure:2557: $? = 0
configure:2605: result: yes
configure:2608: checking for C compiler default output file name
configure:2610: result: a.out
configure:2616: checking for suffix of executables
configure:2623: cc -o conftest    conftest.c  >&5
configure:2627: $? = 0
configure:2649: result: 
configure:2671: checking whether we are cross compiling
configure:2679: cc -o conftest    conftest.c  >&5
configure:2683: $? = 0
configure:2690: ./conftest
configure:2694: $? = 0
configure:2709: result: no
configure:2714: checking for suffix of object files
configure:2736: cc -c   conftest.c >&5
configure:2740: $? = 0
configure:2761: result: o
configure:2765: checking whether we are using the GNU C compiler
configure:2784: cc -c   conftest.c >&5
configure:2784: $? = 0
configure:2793: result: yes
configure:2802: checking whether cc accepts -g
configure:2822: cc -c -g  conftest.c >&5
configure:2822: $? = 0
configure:2863: result: yes
configure:2880: checking for cc option to accept ISO C89
configure:2943: cc  -c -g -O2  conftest.c >&5
configure:2943: $? = 0
configure:2956: result: none needed
configure:2982: checking how to run the C preprocessor
configure:3013: cc -E  conftest.c
configure:3013: $? = 0
configure:3027: cc -E  conftest.c
conftest.c:9:28: fatal error: ac_nonexistent.h: No such file or directory
compilation terminated.
configure:3027: $? = 1
configure: failed program was:
| /* confdefs.h */
| #define PACKAGE_NAME ""
| #define PACKAGE_TARNAME ""
| #define PACKAGE_VERSION ""
| #define PACKAGE_STRING ""
| #define PACKAGE_BUGREPORT ""
| #define PACKAGE_URL ""
| /* end confdefs.h.  */
| #include <ac_nonexistent.h>
configure:3052: result: cc -E
configure:3072: cc -E  conftest.c
configure:3072: $? = 0
configure:3086: cc -E  conftest.c
conftest.c:9:28: fatal error: ac_nonexistent.h: No such file or directory
compilation terminated.
configure:3086: $? = 1
configure: failed program was:
| /* confdefs.h */
| #define PACKAGE_NAME ""
| #define PACKAGE_TARNAME ""
| #define PACKAGE_VERSION ""
| #define PACKAGE_STRING ""
| #define PACKAGE_BUGREPORT ""
| #define PACKAGE_URL ""
| /* end confdefs.h.  */
| #include <ac_nonexistent.h>
configure:3117: checking for icc
configure:3126: result: no
configure:3140: checking for suncc
configure:3149: result: no
configure:3167: checking whether cc understands -c and -o together
configure:3195: cc -c conftest.c -o conftest2.o >&5
configure:3199: $? = 0
configure:3205: cc -c conftest.c -o conftest2.o >&5
configure:3209: $? = 0
configure:3264: result: yes
configure:3278: checking for system library directory
configure:3293: result: lib
configure:3300: checking if compiler supports -R
configure:3319: cc -o conftest -g -O2   conftest.c -R /usr/lib  >&5
cc: error: unrecognized command line option '-R'
configure:3319: $? = 1
configure: failed program was:
| /* confdefs.h */
| #define PACKAGE_NAME ""
| #define PACKAGE_TARNAME ""
| #define PACKAGE_VERSION ""
| #define PACKAGE_STRING ""
| #define PACKAGE_BUGREPORT ""
| #define PACKAGE_URL ""
| /* end confdefs.h.  */
| 
| int
| main ()
| {
| 
|   ;
|   return 0;
| }
configure:3329: result: no
configure:3334: checking if compiler supports -Wl,-rpath,
configure:3353: cc -o conftest -g -O2   conftest.c -Wl,-rpath,/usr/lib  >&5
configure:3353: $? = 0
configure:3363: result: yes
configure:3408: checking build system type
configure:3422: result: x86_64-pc-linux-gnu
configure:3442: checking host system type
configure:3455: result: x86_64-pc-linux-gnu
configure:3475: checking target system type
configure:3488: result: x86_64-pc-linux-gnu
configure:3591: checking for PHP prefix
configure:3593: result: /usr
configure:3595: checking for PHP includes
configure:3597: result: -I/usr/include/php/20151012 -I/usr/include/php/20151012/main -I/usr/include/php/20151012/TSRM -I/usr/include/php/20151012/Zend -I/usr/include/php/20151012/ext -I/usr/include/php/20151012/ext/date/lib
configure:3599: checking for PHP extension directory
configure:3601: result: /usr/lib/php/20151012
configure:3603: checking for PHP installed headers prefix
configure:3605: result: /usr/include/php/20151012
configure:3608: checking if debug is enabled
configure:3634: result: no
configure:3637: checking if zts is enabled
configure:3663: result: no
configure:3734: checking for re2c
configure:3764: result: no
configure:3789: WARNING: You will need re2c 0.13.4 or later if you want to regenerate PHP parsers.
configure:3803: checking for gawk
configure:3820: found /usr/bin/gawk
configure:3831: result: gawk
configure:3877: checking for amqp support
configure:3917: result: yes, shared
configure:3926: checking for amqp
configure:3966: result: yes, shared
configure:3975: result: yes
configure:3982: checking for pkg-config
configure:4000: found /usr/bin/pkg-config
configure:4013: result: /usr/bin/pkg-config
configure:4023: checking for amqp using pkg-config
configure:4031: result: found version 0.7.1
configure:4770: checking how to print strings
configure:4797: result: printf
configure:4818: checking for a sed that does not truncate output
configure:4882: result: /bin/sed
configure:4900: checking for fgrep
configure:4962: result: /bin/grep -F
configure:4997: checking for ld used by cc
configure:5064: result: /usr/bin/ld
configure:5071: checking if the linker (/usr/bin/ld) is GNU ld
configure:5086: result: yes
configure:5098: checking for BSD- or MS-compatible name lister (nm)
configure:5152: result: /usr/bin/nm -B
configure:5282: checking the name lister (/usr/bin/nm -B) interface
configure:5289: cc -c -g -O2  conftest.c >&5
configure:5292: /usr/bin/nm -B "conftest.o"
configure:5295: output
0000000000000000 B some_variable
configure:5302: result: BSD nm
configure:5305: checking whether ln -s works
configure:5309: result: yes
configure:5317: checking the maximum length of command line arguments
configure:5448: result: 1572864
configure:5496: checking how to convert x86_64-pc-linux-gnu file names to x86_64-pc-linux-gnu format
configure:5536: result: func_convert_file_noop
configure:5543: checking how to convert x86_64-pc-linux-gnu file names to toolchain format
configure:5563: result: func_convert_file_noop
configure:5570: checking for /usr/bin/ld option to reload object files
configure:5577: result: -r
configure:5651: checking for objdump
configure:5667: found /usr/bin/objdump
configure:5678: result: objdump
configure:5710: checking how to recognize dependent libraries
configure:5910: result: pass_all
configure:5995: checking for dlltool
configure:6025: result: no
configure:6055: checking how to associate runtime and link libraries
configure:6082: result: printf %s\n
configure:6142: checking for ar
configure:6158: found /usr/bin/ar
configure:6169: result: ar
configure:6206: checking for archiver @FILE support
configure:6223: cc -c -g -O2  conftest.c >&5
configure:6223: $? = 0
configure:6226: ar cru libconftest.a @conftest.lst >&5
ar: `u' modifier ignored since `D' is the default (see `U')
configure:6229: $? = 0
configure:6234: ar cru libconftest.a @conftest.lst >&5
ar: `u' modifier ignored since `D' is the default (see `U')
ar: conftest.o: No such file or directory
configure:6237: $? = 1
configure:6249: result: @
configure:6307: checking for strip
configure:6323: found /usr/bin/strip
configure:6334: result: strip
configure:6406: checking for ranlib
configure:6422: found /usr/bin/ranlib
configure:6433: result: ranlib
configure:6510: checking for gawk
configure:6537: result: gawk
configure:6577: checking command to parse /usr/bin/nm -B output from cc object
configure:6730: cc -c -g -O2  conftest.c >&5
configure:6733: $? = 0
configure:6737: /usr/bin/nm -B conftest.o \| sed -n -e 's/^.*[ ]\([ABCDGIRSTW][ABCDGIRSTW]*\)[ ][ ]*\([_A-Za-z][_A-Za-z0-9]*\)$/\1 \2 \2/p' | sed '/ __gnu_lto/d' \> conftest.nm
configure:6740: $? = 0
configure:6806: cc -o conftest -g -O2   conftest.c conftstm.o >&5
configure:6809: $? = 0
configure:6847: result: ok
configure:6894: checking for sysroot
configure:6924: result: no
configure:6931: checking for a working dd
configure:6969: result: /bin/dd
configure:6973: checking how to truncate binary pipes
configure:6988: result: /bin/dd bs=4096 count=1
configure:7124: cc -c -g -O2  conftest.c >&5
configure:7127: $? = 0
configure:7317: checking for mt
configure:7333: found /bin/mt
configure:7344: result: mt
configure:7367: checking if mt is a manifest tool
configure:7373: mt '-?'
configure:7381: result: no
configure:8053: checking for ANSI C header files
configure:8073: cc -c -g -O2  conftest.c >&5
configure:8073: $? = 0
configure:8146: cc -o conftest -g -O2   conftest.c  >&5
configure:8146: $? = 0
configure:8146: ./conftest
configure:8146: $? = 0
configure:8157: result: yes
configure:8170: checking for sys/types.h
configure:8170: cc -c -g -O2  conftest.c >&5
configure:8170: $? = 0
configure:8170: result: yes
configure:8170: checking for sys/stat.h
configure:8170: cc -c -g -O2  conftest.c >&5
configure:8170: $? = 0
configure:8170: result: yes
configure:8170: checking for stdlib.h
configure:8170: cc -c -g -O2  conftest.c >&5
configure:8170: $? = 0
configure:8170: result: yes
configure:8170: checking for string.h
configure:8170: cc -c -g -O2  conftest.c >&5
configure:8170: $? = 0
configure:8170: result: yes
configure:8170: checking for memory.h
configure:8170: cc -c -g -O2  conftest.c >&5
configure:8170: $? = 0
configure:8170: result: yes
configure:8170: checking for strings.h
configure:8170: cc -c -g -O2  conftest.c >&5
configure:8170: $? = 0
configure:8170: result: yes
configure:8170: checking for inttypes.h
configure:8170: cc -c -g -O2  conftest.c >&5
configure:8170: $? = 0
configure:8170: result: yes
configure:8170: checking for stdint.h
configure:8170: cc -c -g -O2  conftest.c >&5
configure:8170: $? = 0
configure:8170: result: yes
configure:8170: checking for unistd.h
configure:8170: cc -c -g -O2  conftest.c >&5
configure:8170: $? = 0
configure:8170: result: yes
configure:8184: checking for dlfcn.h
configure:8184: cc -c -g -O2  conftest.c >&5
configure:8184: $? = 0
configure:8184: result: yes
configure:8440: checking for objdir
configure:8455: result: .libs
configure:8719: checking if cc supports -fno-rtti -fno-exceptions
configure:8737: cc -c -g -O2  -fno-rtti -fno-exceptions conftest.c >&5
cc1: warning: command line option '-fno-rtti' is valid for C++/ObjC++ but not for C
configure:8741: $? = 0
configure:8754: result: no
configure:9112: checking for cc option to produce PIC
configure:9119: result: -fPIC -DPIC
configure:9127: checking if cc PIC flag -fPIC -DPIC works
configure:9145: cc -c -g -O2  -fPIC -DPIC -DPIC conftest.c >&5
configure:9149: $? = 0
configure:9162: result: yes
configure:9191: checking if cc static flag -static works
configure:9219: result: yes
configure:9234: checking if cc supports -c -o file.o
configure:9255: cc -c -g -O2  -o out/conftest2.o conftest.c >&5
configure:9259: $? = 0
configure:9281: result: yes
configure:9289: checking if cc supports -c -o file.o
configure:9336: result: yes
configure:9369: checking whether the cc linker (/usr/bin/ld -m elf_x86_64) supports shared libraries
configure:10632: result: yes
configure:10669: checking whether -lc should be explicitly linked in
configure:10677: cc -c -g -O2  conftest.c >&5
configure:10680: $? = 0
configure:10695: cc -shared  -fPIC -DPIC conftest.o  -v -Wl,-soname -Wl,conftest -o conftest 2\>\&1 \| /bin/grep  -lc  \>/dev/null 2\>\&1
configure:10698: $? = 0
configure:10712: result: no
configure:10872: checking dynamic linker characteristics
configure:11453: cc -o conftest -g -O2   -Wl,-rpath -Wl,/foo conftest.c  >&5
configure:11453: $? = 0
configure:11702: result: GNU/Linux ld.so
configure:11824: checking how to hardcode library paths into programs
configure:11849: result: immediate
configure:12397: checking whether stripping libraries is possible
configure:12402: result: yes
configure:12437: checking if libtool supports shared libraries
configure:12439: result: yes
configure:12442: checking whether to build shared libraries
configure:12467: result: yes
configure:12470: checking whether to build static libraries
configure:12474: result: no
configure:12750: creating ./config.status

## ---------------------- ##
## Running config.status. ##
## ---------------------- ##

This file was extended by config.status, which was
generated by GNU Autoconf 2.69.  Invocation command line was

  CONFIG_FILES    = 
  CONFIG_HEADERS  = 
  CONFIG_LINKS    = 
  CONFIG_COMMANDS = 
  $ ./config.status 

on kkatoo

config.status:888: creating config.h
config.status:992: executing libtool commands

## ---------------- ##
## Cache variables. ##
## ---------------- ##

ac_cv_build=x86_64-pc-linux-gnu
ac_cv_c_compiler_gnu=yes
ac_cv_env_CC_set=
ac_cv_env_CC_value=
ac_cv_env_CFLAGS_set=
ac_cv_env_CFLAGS_value=
ac_cv_env_CPPFLAGS_set=
ac_cv_env_CPPFLAGS_value=
ac_cv_env_CPP_set=
ac_cv_env_CPP_value=
ac_cv_env_LDFLAGS_set=
ac_cv_env_LDFLAGS_value=
ac_cv_env_LIBS_set=
ac_cv_env_LIBS_value=
ac_cv_env_LT_SYS_LIBRARY_PATH_set=
ac_cv_env_LT_SYS_LIBRARY_PATH_value=
ac_cv_env_build_alias_set=
ac_cv_env_build_alias_value=
ac_cv_env_host_alias_set=
ac_cv_env_host_alias_value=
ac_cv_env_target_alias_set=
ac_cv_env_target_alias_value=
ac_cv_header_dlfcn_h=yes
ac_cv_header_inttypes_h=yes
ac_cv_header_memory_h=yes
ac_cv_header_stdc=yes
ac_cv_header_stdint_h=yes
ac_cv_header_stdlib_h=yes
ac_cv_header_string_h=yes
ac_cv_header_strings_h=yes
ac_cv_header_sys_stat_h=yes
ac_cv_header_sys_types_h=yes
ac_cv_header_unistd_h=yes
ac_cv_host=x86_64-pc-linux-gnu
ac_cv_objext=o
ac_cv_path_EGREP='/bin/grep -E'
ac_cv_path_FGREP='/bin/grep -F'
ac_cv_path_GREP=/bin/grep
ac_cv_path_PKG_CONFIG=/usr/bin/pkg-config
ac_cv_path_SED=/bin/sed
ac_cv_path_lt_DD=/bin/dd
ac_cv_prog_AWK=gawk
ac_cv_prog_CPP='cc -E'
ac_cv_prog_ac_ct_AR=ar
ac_cv_prog_ac_ct_CC=cc
ac_cv_prog_ac_ct_MANIFEST_TOOL=mt
ac_cv_prog_ac_ct_OBJDUMP=objdump
ac_cv_prog_ac_ct_RANLIB=ranlib
ac_cv_prog_ac_ct_STRIP=strip
ac_cv_prog_cc_c89=
ac_cv_prog_cc_cc_c_o=yes
ac_cv_prog_cc_g=yes
ac_cv_target=x86_64-pc-linux-gnu
lt_cv_ar_at_file=@
lt_cv_archive_cmds_need_lc=no
lt_cv_deplibs_check_method=pass_all
lt_cv_file_magic_cmd='$MAGIC_CMD'
lt_cv_file_magic_test_file=
lt_cv_ld_reload_flag=-r
lt_cv_nm_interface='BSD nm'
lt_cv_objdir=.libs
lt_cv_path_LD=/usr/bin/ld
lt_cv_path_NM='/usr/bin/nm -B'
lt_cv_path_mainfest_tool=no
lt_cv_prog_compiler_c_o=yes
lt_cv_prog_compiler_pic='-fPIC -DPIC'
lt_cv_prog_compiler_pic_works=yes
lt_cv_prog_compiler_rtti_exceptions=no
lt_cv_prog_compiler_static_works=yes
lt_cv_prog_gnu_ld=yes
lt_cv_sharedlib_from_linklib_cmd='printf %s\n'
lt_cv_shlibpath_overrides_runpath=no
lt_cv_sys_global_symbol_pipe='sed -n -e '\''s/^.*[	 ]\([ABCDGIRSTW][ABCDGIRSTW]*\)[	 ][	 ]*\([_A-Za-z][_A-Za-z0-9]*\)$/\1 \2 \2/p'\'' | sed '\''/ __gnu_lto/d'\'''
lt_cv_sys_global_symbol_to_c_name_address='sed -n -e '\''s/^: \(.*\) .*$/  {"\1", (void *) 0},/p'\'' -e '\''s/^[ABCDGIRSTW][ABCDGIRSTW]* .* \(.*\)$/  {"\1", (void *) \&\1},/p'\'''
lt_cv_sys_global_symbol_to_c_name_address_lib_prefix='sed -n -e '\''s/^: \(.*\) .*$/  {"\1", (void *) 0},/p'\'' -e '\''s/^[ABCDGIRSTW][ABCDGIRSTW]* .* \(lib.*\)$/  {"\1", (void *) \&\1},/p'\'' -e '\''s/^[ABCDGIRSTW][ABCDGIRSTW]* .* \(.*\)$/  {"lib\1", (void *) \&\1},/p'\'''
lt_cv_sys_global_symbol_to_cdecl='sed -n -e '\''s/^T .* \(.*\)$/extern int \1();/p'\'' -e '\''s/^[ABCDGIRSTW][ABCDGIRSTW]* .* \(.*\)$/extern char \1;/p'\'''
lt_cv_sys_global_symbol_to_import=
lt_cv_sys_max_cmd_len=1572864
lt_cv_to_host_file_cmd=func_convert_file_noop
lt_cv_to_tool_file_cmd=func_convert_file_noop
lt_cv_truncate_bin='/bin/dd bs=4096 count=1'
php_cv_cc_dashr=no
php_cv_cc_rpath=yes

## ----------------- ##
## Output variables. ##
## ----------------- ##

AR='ar'
AWK='gawk'
CC='cc'
CFLAGS='-g -O2'
CONFIGURE_COMMAND=' '\''./configure'\''  '\''--with-amqp'\'''
CONFIGURE_OPTIONS=' '\''--with-amqp'\'''
CPP='cc -E'
CPPFLAGS=' -DHAVE_CONFIG_H'
DEFS='-DHAVE_CONFIG_H'
DLLTOOL='false'
DSYMUTIL=''
DUMPBIN=''
ECHO_C=''
ECHO_N='-n'
ECHO_T=''
EGREP='/bin/grep -E'
EXEEXT=''
FGREP='/bin/grep -F'
GREP='/bin/grep'
LD='/usr/bin/ld -m elf_x86_64'
LDFLAGS=''
LIBOBJS=''
LIBS=''
LIBTOOL='$(SHELL) $(top_builddir)/libtool'
LIPO=''
LN_S='ln -s'
LTLIBOBJS=''
LT_SYS_LIBRARY_PATH=''
MANIFEST_TOOL=':'
NM='/usr/bin/nm -B'
NMEDIT=''
OBJDUMP='objdump'
OBJEXT='o'
OTOOL64=''
OTOOL=''
PACKAGE_BUGREPORT=''
PACKAGE_NAME=''
PACKAGE_STRING=''
PACKAGE_TARNAME=''
PACKAGE_URL=''
PACKAGE_VERSION=''
PATH_SEPARATOR=':'
PKG_CONFIG='/usr/bin/pkg-config'
RANLIB='ranlib'
RE2C='exit 0;'
SED='/bin/sed'
SHELL='/bin/bash'
SHLIB_DL_SUFFIX_NAME='so'
SHLIB_SUFFIX_NAME='so'
STRIP='strip'
ac_ct_AR='ar'
ac_ct_CC='cc'
ac_ct_DUMPBIN=''
bindir='${exec_prefix}/bin'
build='x86_64-pc-linux-gnu'
build_alias=''
build_cpu='x86_64'
build_os='linux-gnu'
build_vendor='pc'
datadir='${datarootdir}'
datarootdir='${prefix}/share'
docdir='${datarootdir}/doc/${PACKAGE}'
dvidir='${docdir}'
exec_prefix='$(prefix)'
host='x86_64-pc-linux-gnu'
host_alias='x86_64-pc-linux-gnu'
host_cpu='x86_64'
host_os='linux-gnu'
host_vendor='pc'
htmldir='${docdir}'
includedir='${prefix}/include'
infodir='${datarootdir}/info'
libdir='${exec_prefix}/lib'
libexecdir='${exec_prefix}/libexec'
localedir='${datarootdir}/locale'
localstatedir='${prefix}/var'
mandir='${datarootdir}/man'
oldincludedir='/usr/include'
pdfdir='${docdir}'
prefix='/usr'
program_transform_name='s,x,x,'
psdir='${docdir}'
runstatedir='${localstatedir}/run'
sbindir='${exec_prefix}/sbin'
sharedstatedir='${prefix}/com'
sysconfdir='${prefix}/etc'
target='x86_64-pc-linux-gnu'
target_alias=''
target_cpu='x86_64'
target_os='linux-gnu'
target_vendor='pc'

## ----------- ##
## confdefs.h. ##
## ----------- ##

/* confdefs.h */
#define PACKAGE_NAME ""
#define PACKAGE_TARNAME ""
#define PACKAGE_VERSION ""
#define PACKAGE_STRING ""
#define PACKAGE_BUGREPORT ""
#define PACKAGE_URL ""
#define COMPILE_DL_AMQP 1
#define STDC_HEADERS 1
#define HAVE_SYS_TYPES_H 1
#define HAVE_SYS_STAT_H 1
#define HAVE_STDLIB_H 1
#define HAVE_STRING_H 1
#define HAVE_MEMORY_H 1
#define HAVE_STRINGS_H 1
#define HAVE_INTTYPES_H 1
#define HAVE_STDINT_H 1
#define HAVE_UNISTD_H 1
#define HAVE_DLFCN_H 1
#define LT_OBJDIR ".libs/"

configure: exit 0
